#! /usr/bin/vvp
:ivl_version "12.0 (stable)";
:ivl_delay_selection "TYPICAL";
:vpi_time_precision - 12;
:vpi_module "/usr/lib/x86_64-linux-gnu/ivl/system.vpi";
:vpi_module "/usr/lib/x86_64-linux-gnu/ivl/vhdl_sys.vpi";
:vpi_module "/usr/lib/x86_64-linux-gnu/ivl/vhdl_textio.vpi";
:vpi_module "/usr/lib/x86_64-linux-gnu/ivl/v2005_math.vpi";
:vpi_module "/usr/lib/x86_64-linux-gnu/ivl/va_math.vpi";
:vpi_module "/usr/lib/x86_64-linux-gnu/ivl/v2009.vpi";
S_0x5b0508673740 .scope package, "$unit" "$unit" 2 1;
 .timescale 0 0;
S_0x5b05086738d0 .scope module, "tb_scanner_top" "tb_scanner_top" 3 10;
 .timescale -9 -12;
v0x5b05086affa0_0 .var "clk", 0 0;
v0x5b05086b0060_0 .net "current_process", 3 0, v0x5b05086aa6a0_0;  1 drivers
v0x5b05086b0170_0 .net "env_status", 0 0, L_0x5b05086849e0;  1 drivers
v0x5b05086b0210_0 .var "interlock_sig", 0 0;
v0x5b05086b0300_0 .var "op_start_btn", 0 0;
v0x5b05086b0440_0 .var "reset", 0 0;
v0x5b05086b04e0_0 .net "source_status", 0 0, v0x5b05086a9490_0;  1 drivers
S_0x5b050867b7b0 .scope module, "dut" "scanner_top" 3 23, 4 14 0, S_0x5b05086738d0;
 .timescale -9 -12;
    .port_info 0 /INPUT 1 "clk";
    .port_info 1 /INPUT 1 "reset";
    .port_info 2 /INPUT 1 "op_start_btn";
    .port_info 3 /INPUT 1 "interlock_sig";
    .port_info 4 /OUTPUT 4 "current_process";
    .port_info 5 /OUTPUT 1 "source_status";
    .port_info 6 /OUTPUT 1 "env_status";
L_0x5b05086849e0 .functor BUFZ 1, v0x5b0508687860_0, C4<0>, C4<0>, C4<0>;
v0x5b05086aeaa0_0 .net "clk", 0 0, v0x5b05086affa0_0;  1 drivers
v0x5b05086aeb60_0 .net "cmd_rl_load", 0 0, v0x5b05086a9da0_0;  1 drivers
v0x5b05086aec20_0 .net "cmd_rl_unload", 0 0, v0x5b05086a9e60_0;  1 drivers
v0x5b05086aecf0_0 .net "cmd_rs_calib", 0 0, v0x5b05086a9f00_0;  1 drivers
v0x5b05086aed90_0 .net "cmd_rs_scan", 0 0, v0x5b05086a9fc0_0;  1 drivers
v0x5b05086aeed0_0 .net "cmd_source_active", 0 0, v0x5b05086aa0d0_0;  1 drivers
v0x5b05086aefc0_0 .net "cmd_wl_load", 0 0, v0x5b05086aa170_0;  1 drivers
v0x5b05086af060_0 .net "cmd_wl_unload", 0 0, v0x5b05086aa210_0;  1 drivers
v0x5b05086af100_0 .net "cmd_ws_align", 0 0, v0x5b05086aa2d0_0;  1 drivers
v0x5b05086af1a0_0 .net "cmd_ws_calib", 0 0, v0x5b05086aa390_0;  1 drivers
v0x5b05086af290_0 .net "cmd_ws_scan", 0 0, v0x5b05086aa450_0;  1 drivers
v0x5b05086af380_0 .net "current_process", 3 0, v0x5b05086aa6a0_0;  alias, 1 drivers
v0x5b05086af420_0 .net "env_ok", 0 0, v0x5b0508687860_0;  1 drivers
v0x5b05086af510_0 .net "env_status", 0 0, L_0x5b05086849e0;  alias, 1 drivers
v0x5b05086af5b0_0 .net "interlock_sig", 0 0, v0x5b05086b0210_0;  1 drivers
v0x5b05086af650_0 .net "op_start_btn", 0 0, v0x5b05086b0300_0;  1 drivers
v0x5b05086af6f0_0 .net "reset", 0 0, v0x5b05086b0440_0;  1 drivers
v0x5b05086af8a0_0 .net "rl_busy", 0 0, v0x5b05086ab9e0_0;  1 drivers
v0x5b05086af990_0 .net "rl_ready", 0 0, v0x5b05086aba80_0;  1 drivers
v0x5b05086afa30_0 .net "rs_busy", 0 0, v0x5b05086ac960_0;  1 drivers
v0x5b05086afad0_0 .net "rs_done", 0 0, v0x5b05086aca00_0;  1 drivers
v0x5b05086afbc0_0 .net "source_status", 0 0, v0x5b05086a9490_0;  alias, 1 drivers
v0x5b05086afc60_0 .net "wl_busy", 0 0, v0x5b05086ad630_0;  1 drivers
v0x5b05086afd50_0 .net "wl_ready", 0 0, v0x5b05086ad6d0_0;  1 drivers
v0x5b05086afdf0_0 .net "ws_busy", 0 0, v0x5b05086ae7b0_0;  1 drivers
v0x5b05086afe90_0 .net "ws_done", 0 0, v0x5b05086ae850_0;  1 drivers
S_0x5b050867b990 .scope module, "u_env_ctrl" "env_control_ctrl" 4 134, 5 34 0, S_0x5b050867b7b0;
 .timescale -9 -12;
    .port_info 0 /INPUT 1 "clk";
    .port_info 1 /INPUT 1 "reset";
    .port_info 2 /OUTPUT 1 "env_ok";
v0x5b050868ade0_0 .net "clk", 0 0, v0x5b05086affa0_0;  alias, 1 drivers
v0x5b0508687860_0 .var "env_ok", 0 0;
v0x5b0508687900_0 .net "reset", 0 0, v0x5b05086b0440_0;  alias, 1 drivers
v0x5b0508684b00_0 .var "warmup_timer", 3 0;
E_0x5b050867e180 .event posedge, v0x5b0508687900_0, v0x5b050868ade0_0;
S_0x5b05086a92b0 .scope module, "u_light_src" "light_source_ctrl" 4 127, 5 10 0, S_0x5b050867b7b0;
 .timescale -9 -12;
    .port_info 0 /INPUT 1 "clk";
    .port_info 1 /INPUT 1 "reset";
    .port_info 2 /INPUT 1 "cmd_active";
    .port_info 3 /OUTPUT 1 "source_on";
v0x5b0508684ba0_0 .net "clk", 0 0, v0x5b05086affa0_0;  alias, 1 drivers
v0x5b050868b660_0 .net "cmd_active", 0 0, v0x5b05086aa0d0_0;  alias, 1 drivers
v0x5b050868b760_0 .net "reset", 0 0, v0x5b05086b0440_0;  alias, 1 drivers
v0x5b05086a9490_0 .var "source_on", 0 0;
S_0x5b05086a95c0 .scope module, "u_main_ctrl" "scanner_main_controller" 4 52, 6 7 0, S_0x5b050867b7b0;
 .timescale -9 -12;
    .port_info 0 /INPUT 1 "clk";
    .port_info 1 /INPUT 1 "reset";
    .port_info 2 /INPUT 1 "start_op";
    .port_info 3 /INPUT 1 "safety_sensor";
    .port_info 4 /INPUT 1 "wl_ready";
    .port_info 5 /INPUT 1 "rl_ready";
    .port_info 6 /INPUT 1 "ws_done";
    .port_info 7 /INPUT 1 "rs_done";
    .port_info 8 /INPUT 1 "env_ok";
    .port_info 9 /OUTPUT 1 "cmd_wl_load";
    .port_info 10 /OUTPUT 1 "cmd_wl_unload";
    .port_info 11 /OUTPUT 1 "cmd_rl_load";
    .port_info 12 /OUTPUT 1 "cmd_rl_unload";
    .port_info 13 /OUTPUT 1 "cmd_ws_calib";
    .port_info 14 /OUTPUT 1 "cmd_ws_align";
    .port_info 15 /OUTPUT 1 "cmd_ws_scan";
    .port_info 16 /OUTPUT 1 "cmd_rs_calib";
    .port_info 17 /OUTPUT 1 "cmd_rs_scan";
    .port_info 18 /OUTPUT 1 "cmd_source_active";
    .port_info 19 /OUTPUT 4 "process_state";
P_0x5b050868e700 .param/l "ALIGN" 1 6 49, C4<0101>;
P_0x5b050868e740 .param/l "ENV_CHECK" 1 6 45, C4<0001>;
P_0x5b050868e780 .param/l "ERROR" 1 6 52, C4<1111>;
P_0x5b050868e7c0 .param/l "EXPOSE" 1 6 50, C4<0110>;
P_0x5b050868e800 .param/l "IDLE" 1 6 44, C4<0000>;
P_0x5b050868e840 .param/l "LOAD_RET" 1 6 46, C4<0010>;
P_0x5b050868e880 .param/l "LOAD_WFR" 1 6 47, C4<0011>;
P_0x5b050868e8c0 .param/l "SETUP" 1 6 48, C4<0100>;
P_0x5b050868e900 .param/l "UNLOAD" 1 6 51, C4<0111>;
v0x5b05086a9c90_0 .net "clk", 0 0, v0x5b05086affa0_0;  alias, 1 drivers
v0x5b05086a9da0_0 .var "cmd_rl_load", 0 0;
v0x5b05086a9e60_0 .var "cmd_rl_unload", 0 0;
v0x5b05086a9f00_0 .var "cmd_rs_calib", 0 0;
v0x5b05086a9fc0_0 .var "cmd_rs_scan", 0 0;
v0x5b05086aa0d0_0 .var "cmd_source_active", 0 0;
v0x5b05086aa170_0 .var "cmd_wl_load", 0 0;
v0x5b05086aa210_0 .var "cmd_wl_unload", 0 0;
v0x5b05086aa2d0_0 .var "cmd_ws_align", 0 0;
v0x5b05086aa390_0 .var "cmd_ws_calib", 0 0;
v0x5b05086aa450_0 .var "cmd_ws_scan", 0 0;
v0x5b05086aa510_0 .net "env_ok", 0 0, v0x5b0508687860_0;  alias, 1 drivers
v0x5b05086aa5e0_0 .var "next_state", 3 0;
v0x5b05086aa6a0_0 .var "process_state", 3 0;
v0x5b05086aa780_0 .net "reset", 0 0, v0x5b05086b0440_0;  alias, 1 drivers
v0x5b05086aa820_0 .net "rl_ready", 0 0, v0x5b05086aba80_0;  alias, 1 drivers
v0x5b05086aa8e0_0 .net "rs_done", 0 0, v0x5b05086aca00_0;  alias, 1 drivers
v0x5b05086aa9a0_0 .net "safety_sensor", 0 0, v0x5b05086b0210_0;  alias, 1 drivers
v0x5b05086aaa60_0 .net "start_op", 0 0, v0x5b05086b0300_0;  alias, 1 drivers
v0x5b05086aab20_0 .var "state", 3 0;
v0x5b05086aac00_0 .net "wl_ready", 0 0, v0x5b05086ad6d0_0;  alias, 1 drivers
v0x5b05086aacc0_0 .net "ws_done", 0 0, v0x5b05086ae850_0;  alias, 1 drivers
E_0x5b050867e7b0/0 .event anyedge, v0x5b05086aab20_0, v0x5b05086aaa60_0, v0x5b0508687860_0, v0x5b05086aa820_0;
E_0x5b050867e7b0/1 .event anyedge, v0x5b05086aac00_0, v0x5b05086aacc0_0, v0x5b05086aa8e0_0, v0x5b05086aa9a0_0;
E_0x5b050867e7b0 .event/or E_0x5b050867e7b0/0, E_0x5b050867e7b0/1;
S_0x5b05086ab0b0 .scope module, "u_reticle_handler" "reticle_handler" 4 93, 7 83 0, S_0x5b050867b7b0;
 .timescale -9 -12;
    .port_info 0 /INPUT 1 "clk";
    .port_info 1 /INPUT 1 "reset";
    .port_info 2 /INPUT 1 "cmd_load";
    .port_info 3 /INPUT 1 "cmd_unload";
    .port_info 4 /OUTPUT 1 "handler_ready";
    .port_info 5 /OUTPUT 1 "handler_busy";
v0x5b05086abd30_0 .net "clk", 0 0, v0x5b05086affa0_0;  alias, 1 drivers
v0x5b05086abdf0_0 .net "cmd_load", 0 0, v0x5b05086a9da0_0;  alias, 1 drivers
v0x5b05086abeb0_0 .net "cmd_unload", 0 0, v0x5b05086a9e60_0;  alias, 1 drivers
v0x5b05086abfa0_0 .net "handler_busy", 0 0, v0x5b05086ab9e0_0;  alias, 1 drivers
v0x5b05086ac040_0 .net "handler_ready", 0 0, v0x5b05086aba80_0;  alias, 1 drivers
v0x5b05086ac180_0 .net "reset", 0 0, v0x5b05086b0440_0;  alias, 1 drivers
S_0x5b05086ab330 .scope module, "u_rh" "generic_handler" 7 97, 7 10 0, S_0x5b05086ab0b0;
 .timescale -9 -12;
    .port_info 0 /INPUT 1 "clk";
    .port_info 1 /INPUT 1 "reset";
    .port_info 2 /INPUT 1 "cmd_load";
    .port_info 3 /INPUT 1 "cmd_unload";
    .port_info 4 /OUTPUT 1 "handler_ready";
    .port_info 5 /OUTPUT 1 "handler_busy";
P_0x5b05086857b0 .param/l "LOAD_CYCLES" 0 7 11, +C4<00000000000000000000000000000011>;
P_0x5b05086857f0 .param/l "UNLOAD_CYCLES" 0 7 12, +C4<00000000000000000000000000000011>;
v0x5b05086ab730_0 .net "clk", 0 0, v0x5b05086affa0_0;  alias, 1 drivers
v0x5b05086ab7f0_0 .net "cmd_load", 0 0, v0x5b05086a9da0_0;  alias, 1 drivers
v0x5b05086ab8e0_0 .net "cmd_unload", 0 0, v0x5b05086a9e60_0;  alias, 1 drivers
v0x5b05086ab9e0_0 .var "handler_busy", 0 0;
v0x5b05086aba80_0 .var "handler_ready", 0 0;
v0x5b05086abb70_0 .net "reset", 0 0, v0x5b05086b0440_0;  alias, 1 drivers
v0x5b05086abc10_0 .var "timer", 3 0;
S_0x5b05086ac310 .scope module, "u_reticle_stage" "reticle_stage_controller" 4 115, 8 58 0, S_0x5b050867b7b0;
 .timescale -9 -12;
    .port_info 0 /INPUT 1 "clk";
    .port_info 1 /INPUT 1 "reset";
    .port_info 2 /INPUT 1 "cmd_calib";
    .port_info 3 /INPUT 1 "cmd_sync";
    .port_info 4 /OUTPUT 1 "stage_done";
    .port_info 5 /OUTPUT 1 "stage_busy";
L_0x5b0508687700 .functor OR 1, v0x5b05086a9f00_0, v0x5b05086a9fc0_0, C4<0>, C4<0>;
v0x5b05086ac590_0 .net "any_cmd", 0 0, L_0x5b0508687700;  1 drivers
v0x5b05086ac670_0 .net "clk", 0 0, v0x5b05086affa0_0;  alias, 1 drivers
v0x5b05086ac730_0 .net "cmd_calib", 0 0, v0x5b05086a9f00_0;  alias, 1 drivers
v0x5b05086ac7d0_0 .net "cmd_sync", 0 0, v0x5b05086a9fc0_0;  alias, 1 drivers
v0x5b05086ac870_0 .net "reset", 0 0, v0x5b05086b0440_0;  alias, 1 drivers
v0x5b05086ac960_0 .var "stage_busy", 0 0;
v0x5b05086aca00_0 .var "stage_done", 0 0;
v0x5b05086acaa0_0 .var "timer", 4 0;
S_0x5b05086acc00 .scope module, "u_wafer_handler" "wafer_handler" 4 84, 7 56 0, S_0x5b050867b7b0;
 .timescale -9 -12;
    .port_info 0 /INPUT 1 "clk";
    .port_info 1 /INPUT 1 "reset";
    .port_info 2 /INPUT 1 "cmd_load";
    .port_info 3 /INPUT 1 "cmd_unload";
    .port_info 4 /OUTPUT 1 "handler_ready";
    .port_info 5 /OUTPUT 1 "handler_busy";
v0x5b05086ad9c0_0 .net "clk", 0 0, v0x5b05086affa0_0;  alias, 1 drivers
v0x5b05086ada80_0 .net "cmd_load", 0 0, v0x5b05086aa170_0;  alias, 1 drivers
v0x5b05086adb90_0 .net "cmd_unload", 0 0, v0x5b05086aa210_0;  alias, 1 drivers
v0x5b05086adc80_0 .net "handler_busy", 0 0, v0x5b05086ad630_0;  alias, 1 drivers
v0x5b05086add20_0 .net "handler_ready", 0 0, v0x5b05086ad6d0_0;  alias, 1 drivers
v0x5b05086ade60_0 .net "reset", 0 0, v0x5b05086b0440_0;  alias, 1 drivers
S_0x5b05086ace80 .scope module, "u_wh" "generic_handler" 7 70, 7 10 0, S_0x5b05086acc00;
 .timescale -9 -12;
    .port_info 0 /INPUT 1 "clk";
    .port_info 1 /INPUT 1 "reset";
    .port_info 2 /INPUT 1 "cmd_load";
    .port_info 3 /INPUT 1 "cmd_unload";
    .port_info 4 /OUTPUT 1 "handler_ready";
    .port_info 5 /OUTPUT 1 "handler_busy";
P_0x5b05086ad080 .param/l "LOAD_CYCLES" 0 7 11, +C4<00000000000000000000000000000100>;
P_0x5b05086ad0c0 .param/l "UNLOAD_CYCLES" 0 7 12, +C4<00000000000000000000000000000100>;
v0x5b05086ad380_0 .net "clk", 0 0, v0x5b05086affa0_0;  alias, 1 drivers
v0x5b05086ad440_0 .net "cmd_load", 0 0, v0x5b05086aa170_0;  alias, 1 drivers
v0x5b05086ad530_0 .net "cmd_unload", 0 0, v0x5b05086aa210_0;  alias, 1 drivers
v0x5b05086ad630_0 .var "handler_busy", 0 0;
v0x5b05086ad6d0_0 .var "handler_ready", 0 0;
v0x5b05086ad7c0_0 .net "reset", 0 0, v0x5b05086b0440_0;  alias, 1 drivers
v0x5b05086ad860_0 .var "timer", 3 0;
S_0x5b05086adf60 .scope module, "u_wafer_stage" "wafer_stage_controller" 4 105, 8 10 0, S_0x5b050867b7b0;
 .timescale -9 -12;
    .port_info 0 /INPUT 1 "clk";
    .port_info 1 /INPUT 1 "reset";
    .port_info 2 /INPUT 1 "cmd_calib";
    .port_info 3 /INPUT 1 "cmd_align";
    .port_info 4 /INPUT 1 "cmd_scan";
    .port_info 5 /OUTPUT 1 "stage_done";
    .port_info 6 /OUTPUT 1 "stage_busy";
L_0x5b05086860b0 .functor OR 1, v0x5b05086aa390_0, v0x5b05086aa2d0_0, C4<0>, C4<0>;
L_0x5b050868ab80 .functor OR 1, L_0x5b05086860b0, v0x5b05086aa450_0, C4<0>, C4<0>;
v0x5b05086ae140_0 .net *"_ivl_0", 0 0, L_0x5b05086860b0;  1 drivers
v0x5b05086ae240_0 .net "any_cmd", 0 0, L_0x5b050868ab80;  1 drivers
v0x5b05086ae300_0 .net "clk", 0 0, v0x5b05086affa0_0;  alias, 1 drivers
v0x5b05086ae3a0_0 .net "cmd_align", 0 0, v0x5b05086aa2d0_0;  alias, 1 drivers
v0x5b05086ae440_0 .net "cmd_calib", 0 0, v0x5b05086aa390_0;  alias, 1 drivers
v0x5b05086ae530_0 .net "cmd_scan", 0 0, v0x5b05086aa450_0;  alias, 1 drivers
v0x5b05086ae600_0 .net "reset", 0 0, v0x5b05086b0440_0;  alias, 1 drivers
v0x5b05086ae7b0_0 .var "stage_busy", 0 0;
v0x5b05086ae850_0 .var "stage_done", 0 0;
v0x5b05086ae920_0 .var "timer", 4 0;
    .scope S_0x5b05086a95c0;
T_0 ;
    %wait E_0x5b050867e7b0;
    %load/vec4 v0x5b05086aab20_0;
    %store/vec4 v0x5b05086aa5e0_0, 0, 4;
    %pushi/vec4 0, 0, 1;
    %store/vec4 v0x5b05086aa170_0, 0, 1;
    %pushi/vec4 0, 0, 1;
    %store/vec4 v0x5b05086aa210_0, 0, 1;
    %pushi/vec4 0, 0, 1;
    %store/vec4 v0x5b05086a9da0_0, 0, 1;
    %pushi/vec4 0, 0, 1;
    %store/vec4 v0x5b05086a9e60_0, 0, 1;
    %pushi/vec4 0, 0, 1;
    %store/vec4 v0x5b05086aa390_0, 0, 1;
    %pushi/vec4 0, 0, 1;
    %store/vec4 v0x5b05086aa2d0_0, 0, 1;
    %pushi/vec4 0, 0, 1;
    %store/vec4 v0x5b05086aa450_0, 0, 1;
    %pushi/vec4 0, 0, 1;
    %store/vec4 v0x5b05086a9f00_0, 0, 1;
    %pushi/vec4 0, 0, 1;
    %store/vec4 v0x5b05086a9fc0_0, 0, 1;
    %pushi/vec4 0, 0, 1;
    %store/vec4 v0x5b05086aa0d0_0, 0, 1;
    %load/vec4 v0x5b05086aab20_0;
    %dup/vec4;
    %pushi/vec4 0, 0, 4;
    %cmp/u;
    %jmp/1 T_0.0, 6;
    %dup/vec4;
    %pushi/vec4 1, 0, 4;
    %cmp/u;
    %jmp/1 T_0.1, 6;
    %dup/vec4;
    %pushi/vec4 2, 0, 4;
    %cmp/u;
    %jmp/1 T_0.2, 6;
    %dup/vec4;
    %pushi/vec4 3, 0, 4;
    %cmp/u;
    %jmp/1 T_0.3, 6;
    %dup/vec4;
    %pushi/vec4 4, 0, 4;
    %cmp/u;
    %jmp/1 T_0.4, 6;
    %dup/vec4;
    %pushi/vec4 5, 0, 4;
    %cmp/u;
    %jmp/1 T_0.5, 6;
    %dup/vec4;
    %pushi/vec4 6, 0, 4;
    %cmp/u;
    %jmp/1 T_0.6, 6;
    %dup/vec4;
    %pushi/vec4 7, 0, 4;
    %cmp/u;
    %jmp/1 T_0.7, 6;
    %dup/vec4;
    %pushi/vec4 15, 0, 4;
    %cmp/u;
    %jmp/1 T_0.8, 6;
    %pushi/vec4 0, 0, 4;
    %store/vec4 v0x5b05086aa5e0_0, 0, 4;
    %jmp T_0.10;
T_0.0 ;
    %load/vec4 v0x5b05086aaa60_0;
    %flag_set/vec4 8;
    %jmp/0xz  T_0.11, 8;
    %pushi/vec4 1, 0, 4;
    %store/vec4 v0x5b05086aa5e0_0, 0, 4;
T_0.11 ;
    %jmp T_0.10;
T_0.1 ;
    %load/vec4 v0x5b05086aa510_0;
    %flag_set/vec4 8;
    %jmp/0xz  T_0.13, 8;
    %pushi/vec4 2, 0, 4;
    %store/vec4 v0x5b05086aa5e0_0, 0, 4;
T_0.13 ;
    %jmp T_0.10;
T_0.2 ;
    %pushi/vec4 1, 0, 1;
    %store/vec4 v0x5b05086a9da0_0, 0, 1;
    %load/vec4 v0x5b05086aa820_0;
    %flag_set/vec4 8;
    %jmp/0xz  T_0.15, 8;
    %pushi/vec4 3, 0, 4;
    %store/vec4 v0x5b05086aa5e0_0, 0, 4;
T_0.15 ;
    %jmp T_0.10;
T_0.3 ;
    %pushi/vec4 1, 0, 1;
    %store/vec4 v0x5b05086aa170_0, 0, 1;
    %load/vec4 v0x5b05086aac00_0;
    %flag_set/vec4 8;
    %jmp/0xz  T_0.17, 8;
    %pushi/vec4 4, 0, 4;
    %store/vec4 v0x5b05086aa5e0_0, 0, 4;
T_0.17 ;
    %jmp T_0.10;
T_0.4 ;
    %pushi/vec4 1, 0, 1;
    %store/vec4 v0x5b05086aa390_0, 0, 1;
    %pushi/vec4 1, 0, 1;
    %store/vec4 v0x5b05086a9f00_0, 0, 1;
    %load/vec4 v0x5b05086aacc0_0;
    %flag_set/vec4 9;
    %flag_get/vec4 9;
    %jmp/0 T_0.21, 9;
    %load/vec4 v0x5b05086aa8e0_0;
    %and;
T_0.21;
    %flag_set/vec4 8;
    %jmp/0xz  T_0.19, 8;
    %pushi/vec4 5, 0, 4;
    %store/vec4 v0x5b05086aa5e0_0, 0, 4;
T_0.19 ;
    %jmp T_0.10;
T_0.5 ;
    %pushi/vec4 1, 0, 1;
    %store/vec4 v0x5b05086aa2d0_0, 0, 1;
    %load/vec4 v0x5b05086aacc0_0;
    %flag_set/vec4 8;
    %jmp/0xz  T_0.22, 8;
    %pushi/vec4 6, 0, 4;
    %store/vec4 v0x5b05086aa5e0_0, 0, 4;
T_0.22 ;
    %jmp T_0.10;
T_0.6 ;
    %pushi/vec4 1, 0, 1;
    %store/vec4 v0x5b05086aa450_0, 0, 1;
    %pushi/vec4 1, 0, 1;
    %store/vec4 v0x5b05086a9fc0_0, 0, 1;
    %pushi/vec4 1, 0, 1;
    %store/vec4 v0x5b05086aa0d0_0, 0, 1;
    %load/vec4 v0x5b05086aa9a0_0;
    %flag_set/vec4 8;
    %jmp/0xz  T_0.24, 8;
    %pushi/vec4 15, 0, 4;
    %store/vec4 v0x5b05086aa5e0_0, 0, 4;
    %jmp T_0.25;
T_0.24 ;
    %load/vec4 v0x5b05086aacc0_0;
    %flag_set/vec4 9;
    %flag_get/vec4 9;
    %jmp/0 T_0.28, 9;
    %load/vec4 v0x5b05086aa8e0_0;
    %and;
T_0.28;
    %flag_set/vec4 8;
    %jmp/0xz  T_0.26, 8;
    %pushi/vec4 7, 0, 4;
    %store/vec4 v0x5b05086aa5e0_0, 0, 4;
T_0.26 ;
T_0.25 ;
    %jmp T_0.10;
T_0.7 ;
    %pushi/vec4 1, 0, 1;
    %store/vec4 v0x5b05086aa210_0, 0, 1;
    %pushi/vec4 1, 0, 1;
    %store/vec4 v0x5b05086a9e60_0, 0, 1;
    %load/vec4 v0x5b05086aac00_0;
    %flag_set/vec4 9;
    %flag_get/vec4 9;
    %jmp/0 T_0.31, 9;
    %load/vec4 v0x5b05086aa820_0;
    %and;
T_0.31;
    %flag_set/vec4 8;
    %jmp/0xz  T_0.29, 8;
    %pushi/vec4 0, 0, 4;
    %store/vec4 v0x5b05086aa5e0_0, 0, 4;
T_0.29 ;
    %jmp T_0.10;
T_0.8 ;
    %pushi/vec4 15, 0, 4;
    %store/vec4 v0x5b05086aa5e0_0, 0, 4;
    %jmp T_0.10;
T_0.10 ;
    %pop/vec4 1;
    %jmp T_0;
    .thread T_0, $push;
    .scope S_0x5b05086a95c0;
T_1 ;
    %wait E_0x5b050867e180;
    %load/vec4 v0x5b05086aa780_0;
    %flag_set/vec4 8;
    %jmp/0xz  T_1.0, 8;
    %pushi/vec4 0, 0, 4;
    %assign/vec4 v0x5b05086aab20_0, 0;
    %pushi/vec4 0, 0, 4;
    %assign/vec4 v0x5b05086aa6a0_0, 0;
    %jmp T_1.1;
T_1.0 ;
    %load/vec4 v0x5b05086aa5e0_0;
    %assign/vec4 v0x5b05086aab20_0, 0;
    %load/vec4 v0x5b05086aa5e0_0;
    %assign/vec4 v0x5b05086aa6a0_0, 0;
T_1.1 ;
    %jmp T_1;
    .thread T_1;
    .scope S_0x5b05086ace80;
T_2 ;
    %wait E_0x5b050867e180;
    %load/vec4 v0x5b05086ad7c0_0;
    %flag_set/vec4 8;
    %jmp/0xz  T_2.0, 8;
    %pushi/vec4 0, 0, 1;
    %assign/vec4 v0x5b05086ad6d0_0, 0;
    %pushi/vec4 0, 0, 1;
    %assign/vec4 v0x5b05086ad630_0, 0;
    %pushi/vec4 0, 0, 4;
    %assign/vec4 v0x5b05086ad860_0, 0;
    %jmp T_2.1;
T_2.0 ;
    %load/vec4 v0x5b05086ad440_0;
    %load/vec4 v0x5b05086ad530_0;
    %or;
    %flag_set/vec4 8;
    %jmp/0xz  T_2.2, 8;
    %pushi/vec4 1, 0, 1;
    %assign/vec4 v0x5b05086ad630_0, 0;
    %pushi/vec4 0, 0, 1;
    %assign/vec4 v0x5b05086ad6d0_0, 0;
    %load/vec4 v0x5b05086ad860_0;
    %cmpi/u 4, 0, 4;
    %jmp/0xz  T_2.4, 5;
    %load/vec4 v0x5b05086ad860_0;
    %addi 1, 0, 4;
    %assign/vec4 v0x5b05086ad860_0, 0;
    %jmp T_2.5;
T_2.4 ;
    %pushi/vec4 1, 0, 1;
    %assign/vec4 v0x5b05086ad6d0_0, 0;
T_2.5 ;
    %jmp T_2.3;
T_2.2 ;
    %pushi/vec4 0, 0, 1;
    %assign/vec4 v0x5b05086ad630_0, 0;
    %pushi/vec4 0, 0, 1;
    %assign/vec4 v0x5b05086ad6d0_0, 0;
    %pushi/vec4 0, 0, 4;
    %assign/vec4 v0x5b05086ad860_0, 0;
T_2.3 ;
T_2.1 ;
    %jmp T_2;
    .thread T_2;
    .scope S_0x5b05086ab330;
T_3 ;
    %wait E_0x5b050867e180;
    %load/vec4 v0x5b05086abb70_0;
    %flag_set/vec4 8;
    %jmp/0xz  T_3.0, 8;
    %pushi/vec4 0, 0, 1;
    %assign/vec4 v0x5b05086aba80_0, 0;
    %pushi/vec4 0, 0, 1;
    %assign/vec4 v0x5b05086ab9e0_0, 0;
    %pushi/vec4 0, 0, 4;
    %assign/vec4 v0x5b05086abc10_0, 0;
    %jmp T_3.1;
T_3.0 ;
    %load/vec4 v0x5b05086ab7f0_0;
    %load/vec4 v0x5b05086ab8e0_0;
    %or;
    %flag_set/vec4 8;
    %jmp/0xz  T_3.2, 8;
    %pushi/vec4 1, 0, 1;
    %assign/vec4 v0x5b05086ab9e0_0, 0;
    %pushi/vec4 0, 0, 1;
    %assign/vec4 v0x5b05086aba80_0, 0;
    %load/vec4 v0x5b05086abc10_0;
    %cmpi/u 3, 0, 4;
    %jmp/0xz  T_3.4, 5;
    %load/vec4 v0x5b05086abc10_0;
    %addi 1, 0, 4;
    %assign/vec4 v0x5b05086abc10_0, 0;
    %jmp T_3.5;
T_3.4 ;
    %pushi/vec4 1, 0, 1;
    %assign/vec4 v0x5b05086aba80_0, 0;
T_3.5 ;
    %jmp T_3.3;
T_3.2 ;
    %pushi/vec4 0, 0, 1;
    %assign/vec4 v0x5b05086ab9e0_0, 0;
    %pushi/vec4 0, 0, 1;
    %assign/vec4 v0x5b05086aba80_0, 0;
    %pushi/vec4 0, 0, 4;
    %assign/vec4 v0x5b05086abc10_0, 0;
T_3.3 ;
T_3.1 ;
    %jmp T_3;
    .thread T_3;
    .scope S_0x5b05086adf60;
T_4 ;
    %wait E_0x5b050867e180;
    %load/vec4 v0x5b05086ae600_0;
    %flag_set/vec4 8;
    %jmp/0xz  T_4.0, 8;
    %pushi/vec4 0, 0, 1;
    %assign/vec4 v0x5b05086ae850_0, 0;
    %pushi/vec4 0, 0, 1;
    %assign/vec4 v0x5b05086ae7b0_0, 0;
    %pushi/vec4 0, 0, 5;
    %assign/vec4 v0x5b05086ae920_0, 0;
    %jmp T_4.1;
T_4.0 ;
    %load/vec4 v0x5b05086ae240_0;
    %flag_set/vec4 8;
    %jmp/0xz  T_4.2, 8;
    %pushi/vec4 1, 0, 1;
    %assign/vec4 v0x5b05086ae7b0_0, 0;
    %load/vec4 v0x5b05086ae920_0;
    %cmpi/u 6, 0, 5;
    %jmp/0xz  T_4.4, 5;
    %load/vec4 v0x5b05086ae920_0;
    %addi 1, 0, 5;
    %assign/vec4 v0x5b05086ae920_0, 0;
    %pushi/vec4 0, 0, 1;
    %assign/vec4 v0x5b05086ae850_0, 0;
    %jmp T_4.5;
T_4.4 ;
    %pushi/vec4 1, 0, 1;
    %assign/vec4 v0x5b05086ae850_0, 0;
T_4.5 ;
    %jmp T_4.3;
T_4.2 ;
    %pushi/vec4 0, 0, 1;
    %assign/vec4 v0x5b05086ae7b0_0, 0;
    %pushi/vec4 0, 0, 1;
    %assign/vec4 v0x5b05086ae850_0, 0;
    %pushi/vec4 0, 0, 5;
    %assign/vec4 v0x5b05086ae920_0, 0;
T_4.3 ;
T_4.1 ;
    %jmp T_4;
    .thread T_4;
    .scope S_0x5b05086ac310;
T_5 ;
    %wait E_0x5b050867e180;
    %load/vec4 v0x5b05086ac870_0;
    %flag_set/vec4 8;
    %jmp/0xz  T_5.0, 8;
    %pushi/vec4 0, 0, 1;
    %assign/vec4 v0x5b05086aca00_0, 0;
    %pushi/vec4 0, 0, 1;
    %assign/vec4 v0x5b05086ac960_0, 0;
    %pushi/vec4 0, 0, 5;
    %assign/vec4 v0x5b05086acaa0_0, 0;
    %jmp T_5.1;
T_5.0 ;
    %load/vec4 v0x5b05086ac590_0;
    %flag_set/vec4 8;
    %jmp/0xz  T_5.2, 8;
    %pushi/vec4 1, 0, 1;
    %assign/vec4 v0x5b05086ac960_0, 0;
    %load/vec4 v0x5b05086acaa0_0;
    %cmpi/u 6, 0, 5;
    %jmp/0xz  T_5.4, 5;
    %load/vec4 v0x5b05086acaa0_0;
    %addi 1, 0, 5;
    %assign/vec4 v0x5b05086acaa0_0, 0;
    %pushi/vec4 0, 0, 1;
    %assign/vec4 v0x5b05086aca00_0, 0;
    %jmp T_5.5;
T_5.4 ;
    %pushi/vec4 1, 0, 1;
    %assign/vec4 v0x5b05086aca00_0, 0;
T_5.5 ;
    %jmp T_5.3;
T_5.2 ;
    %pushi/vec4 0, 0, 1;
    %assign/vec4 v0x5b05086ac960_0, 0;
    %pushi/vec4 0, 0, 1;
    %assign/vec4 v0x5b05086aca00_0, 0;
    %pushi/vec4 0, 0, 5;
    %assign/vec4 v0x5b05086acaa0_0, 0;
T_5.3 ;
T_5.1 ;
    %jmp T_5;
    .thread T_5;
    .scope S_0x5b05086a92b0;
T_6 ;
    %wait E_0x5b050867e180;
    %load/vec4 v0x5b050868b760_0;
    %flag_set/vec4 8;
    %jmp/0xz  T_6.0, 8;
    %pushi/vec4 0, 0, 1;
    %assign/vec4 v0x5b05086a9490_0, 0;
    %jmp T_6.1;
T_6.0 ;
    %load/vec4 v0x5b050868b660_0;
    %flag_set/vec4 8;
    %jmp/0xz  T_6.2, 8;
    %pushi/vec4 1, 0, 1;
    %assign/vec4 v0x5b05086a9490_0, 0;
    %jmp T_6.3;
T_6.2 ;
    %pushi/vec4 0, 0, 1;
    %assign/vec4 v0x5b05086a9490_0, 0;
T_6.3 ;
T_6.1 ;
    %jmp T_6;
    .thread T_6;
    .scope S_0x5b050867b990;
T_7 ;
    %wait E_0x5b050867e180;
    %load/vec4 v0x5b0508687900_0;
    %flag_set/vec4 8;
    %jmp/0xz  T_7.0, 8;
    %pushi/vec4 0, 0, 1;
    %assign/vec4 v0x5b0508687860_0, 0;
    %pushi/vec4 0, 0, 4;
    %assign/vec4 v0x5b0508684b00_0, 0;
    %jmp T_7.1;
T_7.0 ;
    %load/vec4 v0x5b0508687860_0;
    %nor/r;
    %flag_set/vec4 8;
    %jmp/0xz  T_7.2, 8;
    %load/vec4 v0x5b0508684b00_0;
    %cmpi/u 10, 0, 4;
    %jmp/0xz  T_7.4, 5;
    %load/vec4 v0x5b0508684b00_0;
    %addi 1, 0, 4;
    %assign/vec4 v0x5b0508684b00_0, 0;
    %jmp T_7.5;
T_7.4 ;
    %pushi/vec4 1, 0, 1;
    %assign/vec4 v0x5b0508687860_0, 0;
T_7.5 ;
T_7.2 ;
T_7.1 ;
    %jmp T_7;
    .thread T_7;
    .scope S_0x5b050867b7b0;
T_8 ;
    %vpi_call/w 4 146 "$dumpfile", "scanner_top.vcd" {0 0 0};
    %vpi_call/w 4 147 "$dumpvars", 32'sb00000000000000000000000000000000, S_0x5b050867b7b0 {0 0 0};
    %end;
    .thread T_8;
    .scope S_0x5b05086738d0;
T_9 ;
    %pushi/vec4 0, 0, 1;
    %store/vec4 v0x5b05086affa0_0, 0, 1;
    %end;
    .thread T_9;
    .scope S_0x5b05086738d0;
T_10 ;
    %delay 5000, 0;
    %load/vec4 v0x5b05086affa0_0;
    %inv;
    %store/vec4 v0x5b05086affa0_0, 0, 1;
    %jmp T_10;
    .thread T_10;
    .scope S_0x5b05086738d0;
T_11 ;
    %pushi/vec4 1, 0, 1;
    %store/vec4 v0x5b05086b0440_0, 0, 1;
    %pushi/vec4 0, 0, 1;
    %store/vec4 v0x5b05086b0300_0, 0, 1;
    %pushi/vec4 0, 0, 1;
    %store/vec4 v0x5b05086b0210_0, 0, 1;
    %delay 50000, 0;
    %pushi/vec4 0, 0, 1;
    %store/vec4 v0x5b05086b0440_0, 0, 1;
    %delay 50000, 0;
    %pushi/vec4 1, 0, 1;
    %store/vec4 v0x5b05086b0300_0, 0, 1;
    %delay 10000, 0;
    %pushi/vec4 0, 0, 1;
    %store/vec4 v0x5b05086b0300_0, 0, 1;
    %delay 2000000, 0;
    %pushi/vec4 1, 0, 1;
    %store/vec4 v0x5b05086b0210_0, 0, 1;
    %delay 20000, 0;
    %pushi/vec4 0, 0, 1;
    %store/vec4 v0x5b05086b0210_0, 0, 1;
    %delay 2000000, 0;
    %vpi_call/w 3 71 "$display", "Simulation finished." {0 0 0};
    %vpi_call/w 3 72 "$finish" {0 0 0};
    %end;
    .thread T_11;
    .scope S_0x5b05086738d0;
T_12 ;
    %vpi_call/w 3 80 "$dumpfile", "tb_scanner_top.vcd" {0 0 0};
    %vpi_call/w 3 81 "$dumpvars", 32'sb00000000000000000000000000000000, S_0x5b05086738d0 {0 0 0};
    %end;
    .thread T_12;
# The file index is used to find the file name in the following table.
:file_names 9;
    "N/A";
    "<interactive>";
    "-";
    "sim/tb_scanner_top.v";
    "src/scanner_top.v";
    "src/scanner_source_control.v";
    "src/scanner_main_controller.v";
    "src/scanner_handler_module.v";
    "src/scanner_stage_module.v";
